<?xml version="1.0" encoding="UTF-8"?>
<!-- Generated by org.testng.reporters.JUnitReportReporter -->
<testsuite hostname="Admin" failures="0" tests="2" name="qaclickacademy.RestAPITest" time="0.000" errors="0" timestamp="2020-02-11T13:13:26 AEDT" skipped="0">
  <testcase classname="qaclickacademy.RestAPITest" name="deleteTwitter" time="0.000"/>
  <system-out/>
  <testcase classname="qaclickacademy.RestAPITest" name="Postjira" time="0.000"/>
  <system-out/>
</testsuite> <!-- qaclickacademy.RestAPITest -->
