<?xml version="1.0" encoding="UTF-8"?>
<!-- Generated by org.testng.reporters.JUnitReportReporter -->
<testsuite hostname="Admin" failures="0" tests="2" name="qaclickacademy.AppiumTest" time="0.015" errors="0" timestamp="2020-02-11T13:13:26 AEDT" skipped="0">
  <testcase classname="qaclickacademy.AppiumTest" name="NativeAppAndroid" time="0.015"/>
  <system-out/>
  <testcase classname="qaclickacademy.AppiumTest" name="IOSApps" time="0.000"/>
  <system-out/>
</testsuite> <!-- qaclickacademy.AppiumTest -->
